<?xml version="1.0" encoding="UTF-8"?>
<!-- Generated by org.testng.reporters.JUnitReportReporter -->
<testsuite skipped="0" hostname="DT-PC" name="unitTest.Test2" tests="1" failures="0" timestamp="09 Apr 2018 12:54:10 GMT" time="0.032" errors="0">
  <testcase name="testAppraisal" time="0.032" classname="unitTest.Test2"/>
</testsuite> <!-- unitTest.Test2 -->
